<?xml version="1.0" encoding="UTF-8"?>
<!-- Generated by org.testng.reporters.JUnitReportReporter -->
<testsuite hostname="Komal" failures="0" tests="2" name="testLayer.LoginPageTest" time="3.797" errors="0" timestamp="2025-09-26T16:00:43 IST" skipped="0">
  <testcase classname="testLayer.LoginPageTest" name="validatePimPageFunctionality" time="3.029"/>
  <system-out/>
  <testcase classname="testLayer.LoginPageTest" name="validateLoginPageFunctionality" time="0.768"/>
  <system-out/>
</testsuite> <!-- testLayer.LoginPageTest -->
