<?xml version="1.0" encoding="UTF-8"?>
<!-- Generated by org.testng.reporters.JUnitReportReporter -->
<testsuite hostname="Komal" failures="0" tests="1" name="testLayer.LoginPageTest" time="0.908" errors="0" timestamp="2025-09-26T13:38:10 IST" skipped="0">
  <testcase classname="testLayer.LoginPageTest" name="validateLoginPageFunctionality" time="0.908"/>
  <system-out/>
</testsuite> <!-- testLayer.LoginPageTest -->
